2025-02-20 18:54:14,847 - INFO - [*] Connecting to AD...
2025-02-20 18:54:15,667 - INFO - [*] Connected successfully!
2025-02-20 18:54:15,667 - INFO - [*] Searching for disabled users in AD...
2025-02-20 18:54:15,782 - INFO - [*] Logging disabled users...
2025-02-20 18:54:15,783 - INFO - [INFO] Logged 152 disabled users to disabled_users.log
2025-02-20 18:54:15,783 - INFO - [*] Fetching users from Slack...
2025-02-20 18:54:17,417 - INFO - [*] Checking which users can be disabled in Slack...
2025-02-20 18:54:17,417 - INFO - [INFO] Can disable: Guest (Slack email: None)
2025-02-20 18:54:17,417 - INFO - [INFO] Can disable: krbtgt (Slack email: None)
2025-02-20 18:54:17,417 - INFO - [INFO] No corresponding Slack user found for ilya.dyachenko
2025-02-20 18:54:17,417 - INFO - [INFO] No corresponding Slack user found for z.zhamaliyev
2025-02-20 18:54:17,417 - INFO - [INFO] No corresponding Slack user found for spak
2025-02-20 18:54:17,417 - INFO - [INFO] No corresponding Slack user found for ameshkov
2025-02-20 18:54:17,417 - INFO - [INFO] No corresponding Slack user found for atalgat
2025-02-20 18:54:17,418 - INFO - [INFO] No corresponding Slack user found for a.novorusskaya
2025-02-20 18:54:17,418 - INFO - [INFO] No corresponding Slack user found for vblazhkov
2025-02-20 18:54:17,418 - INFO - [INFO] No corresponding Slack user found for o.katenicheva
2025-02-20 18:54:17,418 - INFO - [INFO] No corresponding Slack user found for m.abdreissov
2025-02-20 18:54:17,418 - INFO - [INFO] No corresponding Slack user found for a.mukayeva
2025-02-20 18:54:17,418 - INFO - [INFO] No corresponding Slack user found for samal.makan
2025-02-20 18:54:17,418 - INFO - [INFO] No corresponding Slack user found for dk
2025-02-20 18:54:17,418 - INFO - [INFO] No corresponding Slack user found for aakas
2025-02-20 18:54:17,418 - INFO - [INFO] No corresponding Slack user found for i.stetsun
2025-02-20 18:54:17,418 - INFO - [INFO] No corresponding Slack user found for d.rakhmetulla
2025-02-20 18:54:17,418 - INFO - [INFO] No corresponding Slack user found for m.kabakov
2025-02-20 18:54:17,418 - INFO - [INFO] No corresponding Slack user found for aturchaninov
2025-02-20 18:54:17,418 - INFO - [INFO] No corresponding Slack user found for zhastilek.kazykenov
2025-02-20 18:54:17,418 - INFO - [INFO] No corresponding Slack user found for s.mansurova
2025-02-20 18:54:17,418 - INFO - [INFO] No corresponding Slack user found for i.smirnov
2025-02-20 18:54:17,418 - INFO - [INFO] No corresponding Slack user found for sa
2025-02-20 18:54:17,418 - INFO - [INFO] No corresponding Slack user found for s.aladenskikh
2025-02-20 18:54:17,418 - INFO - [INFO] No corresponding Slack user found for ltest
2025-02-20 18:54:17,418 - INFO - [INFO] No corresponding Slack user found for a.ramazan
2025-02-20 18:54:17,418 - INFO - [INFO] No corresponding Slack user found for s.tuzelov
2025-02-20 18:54:17,418 - INFO - [INFO] No corresponding Slack user found for d.povarov
2025-02-20 18:54:17,418 - INFO - [INFO] No corresponding Slack user found for a.arkayev
2025-02-20 18:54:17,418 - INFO - [INFO] No corresponding Slack user found for a.akhmetkaliyeva
2025-02-20 18:54:17,418 - INFO - [INFO] No corresponding Slack user found for d.potseluyev
2025-02-20 18:54:17,418 - INFO - [INFO] No corresponding Slack user found for d.almatova
2025-02-20 18:54:17,419 - INFO - [INFO] No corresponding Slack user found for g.yeshmukhametova
2025-02-20 18:54:17,419 - INFO - [INFO] No corresponding Slack user found for z.zhumagali
2025-02-20 18:54:17,419 - INFO - [INFO] No corresponding Slack user found for z.chulliyev
2025-02-20 18:54:17,419 - INFO - [INFO] No corresponding Slack user found for a.verveda
2025-02-20 18:54:17,419 - INFO - [INFO] No corresponding Slack user found for v.shokorov
2025-02-20 18:54:17,419 - INFO - [INFO] No corresponding Slack user found for k.kenzhali
2025-02-20 18:54:17,419 - INFO - [INFO] No corresponding Slack user found for a.akas
2025-02-20 18:54:17,419 - INFO - [INFO] No corresponding Slack user found for a.talgat
2025-02-20 18:54:17,419 - INFO - [INFO] No corresponding Slack user found for a.turchaninov
2025-02-20 18:54:17,419 - INFO - [INFO] No corresponding Slack user found for a.meshkov
2025-02-20 18:54:17,419 - INFO - [INFO] No corresponding Slack user found for z.kazykenov
2025-02-20 18:54:17,419 - INFO - [INFO] No corresponding Slack user found for i.dyachenko
2025-02-20 18:54:17,419 - INFO - [INFO] No corresponding Slack user found for s.makan
2025-02-20 18:54:17,419 - INFO - [INFO] No corresponding Slack user found for s.pak
2025-02-20 18:54:17,419 - INFO - [INFO] No corresponding Slack user found for s.ashigaliyev
2025-02-20 18:54:17,419 - INFO - [INFO] No corresponding Slack user found for d.kishibekov
2025-02-20 18:54:17,419 - INFO - [INFO] No corresponding Slack user found for a.sinkov
2025-02-20 18:54:17,419 - INFO - [INFO] No corresponding Slack user found for m.mukhit
2025-02-20 18:54:17,419 - INFO - [INFO] No corresponding Slack user found for s.maksut
2025-02-20 18:54:17,419 - INFO - [INFO] No corresponding Slack user found for b.nasyrov
2025-02-20 18:54:17,419 - INFO - [INFO] No corresponding Slack user found for a.galimbekova
2025-02-20 18:54:17,419 - INFO - [INFO] No corresponding Slack user found for a.dushumova
2025-02-20 18:54:17,419 - INFO - [INFO] No corresponding Slack user found for s.batembayev
2025-02-20 18:54:17,419 - INFO - [INFO] No corresponding Slack user found for a.igamberdiyev
2025-02-20 18:54:17,419 - INFO - [INFO] No corresponding Slack user found for external_guest
2025-02-20 18:54:17,419 - INFO - [INFO] No corresponding Slack user found for m.sabulla
2025-02-20 18:54:17,420 - INFO - [INFO] No corresponding Slack user found for d.kokishev
2025-02-20 18:54:17,420 - INFO - [INFO] No corresponding Slack user found for y.murattaly
2025-02-20 18:54:17,420 - INFO - [INFO] No corresponding Slack user found for y.kim
2025-02-20 18:54:17,420 - INFO - [INFO] No corresponding Slack user found for a.kuzmenko
2025-02-20 18:54:17,420 - INFO - [INFO] No corresponding Slack user found for t.mukhash
2025-02-20 18:54:17,420 - INFO - [INFO] No corresponding Slack user found for e.sadgalin
2025-02-20 18:54:17,420 - INFO - [INFO] No corresponding Slack user found for d.bukeyev
2025-02-20 18:54:17,420 - INFO - [INFO] No corresponding Slack user found for a.mustafayev
2025-02-20 18:54:17,420 - INFO - [INFO] No corresponding Slack user found for a.kaldygozhin
2025-02-20 18:54:17,420 - INFO - [INFO] No corresponding Slack user found for a.zhantaev
2025-02-20 18:54:17,420 - INFO - [INFO] No corresponding Slack user found for a.zhaguparova
2025-02-20 18:54:17,420 - INFO - [INFO] No corresponding Slack user found for s.demidov
2025-02-20 18:54:17,420 - INFO - [INFO] No corresponding Slack user found for a.talasbek
2025-02-20 18:54:17,420 - INFO - [INFO] No corresponding Slack user found for a.kupeyev
2025-02-20 18:54:17,420 - INFO - [INFO] No corresponding Slack user found for m.daulenova
2025-02-20 18:54:17,420 - INFO - [INFO] No corresponding Slack user found for s.burkhonov
2025-02-20 18:54:17,420 - INFO - [INFO] No corresponding Slack user found for a.sagandykov
2025-02-20 18:54:17,420 - INFO - [INFO] No corresponding Slack user found for s.tulkibayev
2025-02-20 18:54:17,420 - INFO - [INFO] No corresponding Slack user found for a.makhashova
2025-02-20 18:54:17,420 - INFO - [INFO] No corresponding Slack user found for g.tasbolatova
2025-02-20 18:54:17,420 - INFO - [INFO] No corresponding Slack user found for m.oktan
2025-02-20 18:54:17,420 - INFO - [INFO] No corresponding Slack user found for a.khamze
2025-02-20 18:54:17,420 - INFO - [INFO] No corresponding Slack user found for a.iskander
2025-02-20 18:54:17,420 - INFO - [INFO] No corresponding Slack user found for n.temirtay
2025-02-20 18:54:17,420 - INFO - [INFO] No corresponding Slack user found for d.darkhan
2025-02-20 18:54:17,420 - INFO - [INFO] No corresponding Slack user found for f.gasimzada
2025-02-20 18:54:17,421 - INFO - [INFO] No corresponding Slack user found for b.makhmudjanova
2025-02-20 18:54:17,421 - INFO - [INFO] No corresponding Slack user found for a.merzlyakova
2025-02-20 18:54:17,421 - INFO - [INFO] No corresponding Slack user found for a.kuanyshkyzy
2025-02-20 18:54:17,421 - INFO - [INFO] No corresponding Slack user found for b.adil
2025-02-20 18:54:17,421 - INFO - [INFO] No corresponding Slack user found for z.aliaskarova
2025-02-20 18:54:17,421 - INFO - [INFO] No corresponding Slack user found for t.kozhevnikova
2025-02-20 18:54:17,421 - INFO - [INFO] No corresponding Slack user found for t.imanov
2025-02-20 18:54:17,421 - INFO - [INFO] No corresponding Slack user found for t.zhaxylykova
2025-02-20 18:54:17,421 - INFO - [INFO] No corresponding Slack user found for a.tilinchinova
2025-02-20 18:54:17,421 - INFO - [INFO] No corresponding Slack user found for z.kenzhetayev
2025-02-20 18:54:17,421 - INFO - [INFO] No corresponding Slack user found for d.serik
2025-02-20 18:54:17,421 - INFO - [INFO] No corresponding Slack user found for a.tursynbay
2025-02-20 18:54:17,421 - INFO - [INFO] No corresponding Slack user found for g.saparkulova
2025-02-20 18:54:17,421 - INFO - [INFO] No corresponding Slack user found for b.shalkibayev
2025-02-20 18:54:17,421 - INFO - [INFO] No corresponding Slack user found for y.myrzakhanov
2025-02-20 18:54:17,421 - INFO - [INFO] No corresponding Slack user found for d.laletin
2025-02-20 18:54:17,421 - INFO - [INFO] No corresponding Slack user found for a.bobetay
2025-02-20 18:54:17,421 - INFO - [INFO] No corresponding Slack user found for i.karazhanov
2025-02-20 18:54:17,421 - INFO - [INFO] No corresponding Slack user found for v.arkatova
2025-02-20 18:54:17,421 - INFO - [INFO] No corresponding Slack user found for a.manat
2025-02-20 18:54:17,421 - INFO - [INFO] No corresponding Slack user found for s.mirsagatova
2025-02-20 18:54:17,421 - INFO - [INFO] No corresponding Slack user found for d.mussatayev
2025-02-20 18:54:17,421 - INFO - [INFO] No corresponding Slack user found for c.chalov
2025-02-20 18:54:17,421 - INFO - [INFO] No corresponding Slack user found for n.yerketayev
2025-02-20 18:54:17,421 - INFO - [INFO] No corresponding Slack user found for z.tastemir
2025-02-20 18:54:17,422 - INFO - [INFO] No corresponding Slack user found for n.kakenov
2025-02-20 18:54:17,422 - INFO - [INFO] No corresponding Slack user found for z.nurmanova
2025-02-20 18:54:17,422 - INFO - [INFO] No corresponding Slack user found for s.nursultan
2025-02-20 18:54:17,422 - INFO - [INFO] No corresponding Slack user found for a.mukhamejanov
2025-02-20 18:54:17,422 - INFO - [INFO] No corresponding Slack user found for z.omirzak
2025-02-20 18:54:17,422 - INFO - [INFO] No corresponding Slack user found for a.akhmetov
2025-02-20 18:54:17,422 - INFO - [INFO] No corresponding Slack user found for n.mukhamejanov
2025-02-20 18:54:17,422 - INFO - [INFO] No corresponding Slack user found for b.issak
2025-02-20 18:54:17,422 - INFO - [INFO] No corresponding Slack user found for k.kozlov
2025-02-20 18:54:17,422 - INFO - [INFO] No corresponding Slack user found for s.kozhanov
2025-02-20 18:54:17,422 - INFO - [INFO] No corresponding Slack user found for a.zhumazhanov
2025-02-20 18:54:17,422 - INFO - [INFO] No corresponding Slack user found for s.kassymov
2025-02-20 18:54:17,422 - INFO - [INFO] No corresponding Slack user found for a.kononov
2025-02-20 18:54:17,422 - INFO - [INFO] No corresponding Slack user found for a.ryzyk
2025-02-20 18:54:17,422 - INFO - [INFO] No corresponding Slack user found for a.tuxubayev
2025-02-20 18:54:17,422 - INFO - [INFO] No corresponding Slack user found for b.kuanyshbayev
2025-02-20 18:54:17,422 - INFO - [INFO] No corresponding Slack user found for n.irzabekov
2025-02-20 18:54:17,422 - INFO - [INFO] No corresponding Slack user found for j.ferguson
2025-02-20 18:54:17,422 - INFO - [INFO] No corresponding Slack user found for a.alseiitova
2025-02-20 18:54:17,422 - INFO - [INFO] No corresponding Slack user found for i.kapadze
2025-02-20 18:54:17,422 - INFO - [INFO] No corresponding Slack user found for s.zhumakhanov
2025-02-20 18:54:17,422 - INFO - [INFO] No corresponding Slack user found for m.bissenaliyeva
2025-02-20 18:54:17,422 - INFO - [INFO] No corresponding Slack user found for m.turasheva
2025-02-20 18:54:17,422 - INFO - [INFO] No corresponding Slack user found for n.tanatarova
2025-02-20 18:54:17,422 - INFO - [INFO] No corresponding Slack user found for k.tazhibayeva
2025-02-20 18:54:17,423 - INFO - [INFO] No corresponding Slack user found for f.kassymov
2025-02-20 18:54:17,423 - INFO - [INFO] No corresponding Slack user found for a.syzdykov
2025-02-20 18:54:17,423 - INFO - [INFO] No corresponding Slack user found for z.xusanbayev
2025-02-20 18:54:17,423 - INFO - [INFO] No corresponding Slack user found for g.zhumatayeva
2025-02-20 18:54:17,423 - INFO - [INFO] No corresponding Slack user found for l.ilin
2025-02-20 18:54:17,423 - INFO - [INFO] No corresponding Slack user found for a.khmetov2
2025-02-20 18:54:17,423 - INFO - [INFO] No corresponding Slack user found for a.abeteyev
2025-02-20 18:54:17,423 - INFO - [INFO] No corresponding Slack user found for a.marisova
2025-02-20 18:54:17,423 - INFO - [INFO] No corresponding Slack user found for a.kaparov
2025-02-20 18:54:17,423 - INFO - [INFO] No corresponding Slack user found for a.kazezov
2025-02-20 18:54:17,423 - INFO - [INFO] No corresponding Slack user found for a.namazbayev
2025-02-20 18:54:17,423 - INFO - [INFO] No corresponding Slack user found for a.nurakhmetov
2025-02-20 18:54:17,423 - INFO - [INFO] No corresponding Slack user found for n.assankariyev
2025-02-20 18:54:17,423 - INFO - [INFO] No corresponding Slack user found for a.kurbanbayeva
2025-02-20 18:54:17,423 - INFO - [INFO] No corresponding Slack user found for p.panov
2025-02-20 18:54:17,423 - INFO - [INFO] No corresponding Slack user found for i.baimukhambetova
2025-02-20 18:54:17,423 - INFO - [INFO] No corresponding Slack user found for y.yertayev
2025-02-20 18:54:17,423 - INFO - [INFO] No corresponding Slack user found for d.dandibayeva
